{"error":"Debes ingresar todas las imagenes necesarias del banner: (images_tablet, images_mobile, images_desktop)","level":"error","timestamp":"2024-08-15T16:26:13.909Z"}
{"error":"Debes ingresar todas las imagenes necesarias del banner: (images_tablet, images_mobile, images_desktop)","level":"error","timestamp":"2024-08-15T16:26:24.985Z"}
{"error":"Debes ingresar todas las imagenes necesarias del banner: (images_tablet, images_mobile, images_desktop)","level":"error","timestamp":"2024-08-15T16:43:18.753Z"}
{"error":{},"level":"error","message":"Debe subir una imágen a la categoria.","timestamp":"2024-08-15T17:22:33.757Z"}
{"error":"Debes ingresar todas las imagenes necesarias del banner: (images_tablet, images_mobile, images_desktop)","level":"error","timestamp":"2024-08-15T17:24:09.787Z"}
{"error":"Debes ingresar todas las imagenes necesarias del banner: (images_tablet, images_mobile, images_desktop)","level":"error","message":"Debes ingresar todas las imagenes necesarias del banner: (images_tablet, images_mobile, images_desktop)","timestamp":"2024-08-15T17:24:49.760Z"}
{"error":{},"level":"error","message":"EPERM: operation not permitted, unlink 'C:\\trabajo\\app\\motowork-back/uploads//'","timestamp":"2024-08-15T19:33:24.723Z"}
{"error":{},"level":"error","message":"EPERM: operation not permitted, unlink 'C:\\trabajo\\app\\motowork-back/uploads//'","timestamp":"2024-08-15T19:33:38.849Z"}
{"error":{},"level":"error","message":"EPERM: operation not permitted, unlink 'C:\\trabajo\\app\\motowork-back/uploads//'","timestamp":"2024-08-15T19:34:33.068Z"}
{"error":{},"level":"error","message":"EPERM: operation not permitted, unlink 'C:\\trabajo\\app\\motowork-back/uploads//'","timestamp":"2024-12-03T23:24:35.381Z"}
{"error":{},"level":"error","message":"EPERM: operation not permitted, unlink 'C:\\trabajo\\app\\motowork-back/uploads//'","timestamp":"2024-12-03T23:24:45.621Z"}
{"error":{},"level":"error","message":"Cannot read properties of null (reading 'icon')","timestamp":"2024-12-03T23:49:16.447Z"}
{"error":{},"level":"error","message":"Cannot read properties of null (reading 'icon')","timestamp":"2024-12-03T23:50:10.941Z"}
{"error":{},"level":"error","message":"Cannot set properties of null (setting 'icon')","timestamp":"2024-12-03T23:51:28.062Z"}
{"error":{},"level":"error","message":"Pagination failed: Invalid sort field. Allowed fields are: name, date","timestamp":"2024-12-05T18:38:38.828Z"}
{"error":{},"level":"error","message":"Pagination failed: Invalid sort field. Allowed fields are: name, date","timestamp":"2024-12-05T18:39:46.290Z"}
{"error":{},"level":"error","message":"Pagination failed: Invalid sort field. Allowed fields are: name, createdAt","timestamp":"2024-12-05T18:40:03.646Z"}
{"error":{},"level":"error","message":"Pagination failed: Invalid sort field. Allowed fields are: name, createdAt","timestamp":"2024-12-05T18:40:03.655Z"}
{"error":{},"level":"error","message":"Pagination failed: Invalid sort field. Allowed fields are: name, createdAt","timestamp":"2024-12-05T18:40:05.793Z"}
{"error":{},"level":"error","message":"Pagination failed: Invalid sort field. Allowed fields are: name, createdAt","timestamp":"2024-12-05T18:40:06.907Z"}
{"error":{},"level":"error","message":"Pagination failed: Invalid sort field. Allowed fields are: name, createdAt","timestamp":"2024-12-05T18:41:11.495Z"}
{"error":{},"level":"error","message":"Pagination failed: Invalid sort field. Allowed fields are: name, createdAt","timestamp":"2024-12-05T18:41:14.283Z"}
{"error":{},"level":"error","message":"Pagination failed: Invalid sort field. Allowed fields are: name, createdAt","timestamp":"2024-12-05T18:41:16.000Z"}
